build/outputs/logs/manifest-merger-debug-report.txt
-- Merging decision tree log ---
manifest
ADDED from wzy/Grown123_1.2.0/AndroidManifest.xml:2:1-980:12
	package
		ADDED from wzy/Grown123_1.2.0/AndroidManifest.xml:2:11-43
	android:versionName
		ADDED from wzy/Grown123_1.2.0/AndroidManifest.xml:7:11-38
		INJECTED from wzy/Grown123_1.2.0/AndroidManifest.xml
		INJECTED from wzy/Grown123_1.2.0/AndroidManifest.xml
	xmlns:tools
		ADDED from wzy/Grown123_1.2.0/AndroidManifest.xml:4:11-57
	android:versionCode
		ADDED from wzy/Grown123_1.2.0/AndroidManifest.xml:6:11-35
		INJECTED from wzy/Grown123_1.2.0/AndroidManifest.xml
		INJECTED from wzy/Grown123_1.2.0/AndroidManifest.xml
	xmlns:android
		ADDED from wzy/Grown123_1.2.0/AndroidManifest.xml:3:11-69
	android:installLocation
		ADDED from wzy/Grown123_1.2.0/AndroidManifest.xml:5:11-49
uses-sdk
ADDED from wzy/Grown123_1.2.0/AndroidManifest.xml:9:5-12:38
MERGED from [com.android.support:appcompat-v7:21.0.0] AndroidManifest.xml:15:5-42
MERGED from [com.android.support:support-v4:21.0.0] AndroidManifest.xml:15:5-42
	android:targetSdkVersion
		ADDED from wzy/Grown123_1.2.0/AndroidManifest.xml:11:9-38
		INJECTED from wzy/Grown123_1.2.0/AndroidManifest.xml
		INJECTED from wzy/Grown123_1.2.0/AndroidManifest.xml
	tools:ignore
		ADDED from wzy/Grown123_1.2.0/AndroidManifest.xml:12:9-36
	android:minSdkVersion
		ADDED from wzy/Grown123_1.2.0/AndroidManifest.xml:10:9-35
supports-screens
ADDED from wzy/Grown123_1.2.0/AndroidManifest.xml:14:5-18:38
	android:largeScreens
		ADDED from wzy/Grown123_1.2.0/AndroidManifest.xml:16:9-36
	android:smallScreens
		ADDED from wzy/Grown123_1.2.0/AndroidManifest.xml:18:9-36
	android:normalScreens
		ADDED from wzy/Grown123_1.2.0/AndroidManifest.xml:17:9-37
	android:anyDensity
		ADDED from wzy/Grown123_1.2.0/AndroidManifest.xml:15:9-34
instrumentation
ADDED from wzy/Grown123_1.2.0/AndroidManifest.xml:20:5-22:57
	android:targetPackage
		ADDED from wzy/Grown123_1.2.0/AndroidManifest.xml:22:9-55
	android:name
		ADDED from wzy/Grown123_1.2.0/AndroidManifest.xml:21:9-62
uses-feature#android.hardware.camera
ADDED from wzy/Grown123_1.2.0/AndroidManifest.xml:24:5-59
	android:name
		ADDED from wzy/Grown123_1.2.0/AndroidManifest.xml:24:19-57
uses-feature#android.hardware.camera.autofocus
ADDED from wzy/Grown123_1.2.0/AndroidManifest.xml:25:5-69
	android:name
		ADDED from wzy/Grown123_1.2.0/AndroidManifest.xml:25:19-67
permission#com.pndoo.grown123_new.permission.JPUSH_MESSAGE
ADDED from wzy/Grown123_1.2.0/AndroidManifest.xml:27:5-29:46
	android:protectionLevel
		ADDED from wzy/Grown123_1.2.0/AndroidManifest.xml:29:9-44
	android:name
		ADDED from wzy/Grown123_1.2.0/AndroidManifest.xml:28:9-71
uses-permission#com.jiayue.permission.JPUSH_MESSAGE
ADDED from wzy/Grown123_1.2.0/AndroidManifest.xml:32:5-74
	android:name
		ADDED from wzy/Grown123_1.2.0/AndroidManifest.xml:32:22-72
uses-permission#android.permission.SYSTEM_ALERT_WINDOW
ADDED from wzy/Grown123_1.2.0/AndroidManifest.xml:34:5-35:64
	android:name
		ADDED from wzy/Grown123_1.2.0/AndroidManifest.xml:35:9-62
uses-permission#android.permission.ACCESS_WIFI_STATE
ADDED from wzy/Grown123_1.2.0/AndroidManifest.xml:36:5-75
	android:name
		ADDED from wzy/Grown123_1.2.0/AndroidManifest.xml:36:22-73
uses-permission#android.permission.WRITE_SETTINGS
ADDED from wzy/Grown123_1.2.0/AndroidManifest.xml:37:5-72
	android:name
		ADDED from wzy/Grown123_1.2.0/AndroidManifest.xml:37:22-70
uses-permission#android.permission.CHANGE_WIFI_STATE
ADDED from wzy/Grown123_1.2.0/AndroidManifest.xml:38:5-75
	android:name
		ADDED from wzy/Grown123_1.2.0/AndroidManifest.xml:38:22-73
uses-permission#android.permission.WAKE_LOCK
ADDED from wzy/Grown123_1.2.0/AndroidManifest.xml:39:5-67
	android:name
		ADDED from wzy/Grown123_1.2.0/AndroidManifest.xml:39:22-65
uses-permission#android.permission.MOUNT_UNMOUNT_FILESYSTEMS
ADDED from wzy/Grown123_1.2.0/AndroidManifest.xml:40:5-83
	android:name
		ADDED from wzy/Grown123_1.2.0/AndroidManifest.xml:40:22-81
uses-permission#android.permission.CAMERA
ADDED from wzy/Grown123_1.2.0/AndroidManifest.xml:41:5-64
	android:name
		ADDED from wzy/Grown123_1.2.0/AndroidManifest.xml:41:22-62
uses-permission#android.permission.INTERNET
ADDED from wzy/Grown123_1.2.0/AndroidManifest.xml:42:5-66
	android:name
		ADDED from wzy/Grown123_1.2.0/AndroidManifest.xml:42:22-64
uses-permission#android.permission.ACCESS_NETWORK_STATE
ADDED from wzy/Grown123_1.2.0/AndroidManifest.xml:43:5-78
	android:name
		ADDED from wzy/Grown123_1.2.0/AndroidManifest.xml:43:22-76
uses-permission#android.permission.CHANGE_NETWORK_STATE
ADDED from wzy/Grown123_1.2.0/AndroidManifest.xml:45:5-78
	android:name
		ADDED from wzy/Grown123_1.2.0/AndroidManifest.xml:45:22-76
uses-permission#android.permission.WRITE_EXTERNAL_STORAGE
ADDED from wzy/Grown123_1.2.0/AndroidManifest.xml:46:5-80
	android:name
		ADDED from wzy/Grown123_1.2.0/AndroidManifest.xml:46:22-78
uses-permission#android.permission.READ_EXTERNAL_STORAGE
ADDED from wzy/Grown123_1.2.0/AndroidManifest.xml:47:5-79
	android:name
		ADDED from wzy/Grown123_1.2.0/AndroidManifest.xml:47:22-77
uses-permission#android.permission.VIBRATE
ADDED from wzy/Grown123_1.2.0/AndroidManifest.xml:48:5-65
	android:name
		ADDED from wzy/Grown123_1.2.0/AndroidManifest.xml:48:22-63
uses-permission#android.permission.READ_PHONE_STATE
ADDED from wzy/Grown123_1.2.0/AndroidManifest.xml:49:5-74
	android:name
		ADDED from wzy/Grown123_1.2.0/AndroidManifest.xml:49:22-72
uses-permission#android.permission.RECORD_AUDIO
ADDED from wzy/Grown123_1.2.0/AndroidManifest.xml:50:5-70
	android:name
		ADDED from wzy/Grown123_1.2.0/AndroidManifest.xml:50:22-68
uses-permission#android.permission.CALL_PHONE
ADDED from wzy/Grown123_1.2.0/AndroidManifest.xml:51:5-68
	android:name
		ADDED from wzy/Grown123_1.2.0/AndroidManifest.xml:51:22-66
application
ADDED from wzy/Grown123_1.2.0/AndroidManifest.xml:53:5-978:19
MERGED from [com.android.support:appcompat-v7:21.0.0] AndroidManifest.xml:16:5-19
MERGED from [com.android.support:support-v4:21.0.0] AndroidManifest.xml:16:5-19
	android:hapticFeedbackEnabled
		ADDED from wzy/Grown123_1.2.0/AndroidManifest.xml:55:9-46
	android:label
		ADDED from wzy/Grown123_1.2.0/AndroidManifest.xml:58:9-41
	android:hardwareAccelerated
		ADDED from wzy/Grown123_1.2.0/AndroidManifest.xml:56:9-43
	android:icon
		ADDED from wzy/Grown123_1.2.0/AndroidManifest.xml:57:9-45
	android:largeHeap
		ADDED from wzy/Grown123_1.2.0/AndroidManifest.xml:59:9-33
	android:theme
		ADDED from wzy/Grown123_1.2.0/AndroidManifest.xml:60:9-40
	android:name
		ADDED from wzy/Grown123_1.2.0/AndroidManifest.xml:54:9-38
activity#com.pndoo.grown123_new.SplashActivity
ADDED from wzy/Grown123_1.2.0/AndroidManifest.xml:63:9-83:20
	android:screenOrientation
		ADDED from wzy/Grown123_1.2.0/AndroidManifest.xml:67:13-49
	android:label
		ADDED from wzy/Grown123_1.2.0/AndroidManifest.xml:65:13-45
	android:launchMode
		ADDED from wzy/Grown123_1.2.0/AndroidManifest.xml:66:13-44
	android:windowSoftInputMode
		ADDED from wzy/Grown123_1.2.0/AndroidManifest.xml:69:13-55
	android:theme
		ADDED from wzy/Grown123_1.2.0/AndroidManifest.xml:68:13-43
	android:name
		ADDED from wzy/Grown123_1.2.0/AndroidManifest.xml:64:13-43
intent-filter#android.intent.action.MAIN+android.intent.category.LAUNCHER
ADDED from wzy/Grown123_1.2.0/AndroidManifest.xml:70:13-74:29
action#android.intent.action.MAIN
ADDED from wzy/Grown123_1.2.0/AndroidManifest.xml:71:17-68
	android:name
		ADDED from wzy/Grown123_1.2.0/AndroidManifest.xml:71:25-66
category#android.intent.category.LAUNCHER
ADDED from wzy/Grown123_1.2.0/AndroidManifest.xml:73:17-76
	android:name
		ADDED from wzy/Grown123_1.2.0/AndroidManifest.xml:73:27-74
intent-filter#android.intent.action.VIEW+android.intent.category.BROWSABLE+android.intent.category.DEFAULT
ADDED from wzy/Grown123_1.2.0/AndroidManifest.xml:75:13-82:29
action#android.intent.action.VIEW
ADDED from wzy/Grown123_1.2.0/AndroidManifest.xml:76:17-68
	android:name
		ADDED from wzy/Grown123_1.2.0/AndroidManifest.xml:76:25-66
category#android.intent.category.BROWSABLE
ADDED from wzy/Grown123_1.2.0/AndroidManifest.xml:78:17-77
	android:name
		ADDED from wzy/Grown123_1.2.0/AndroidManifest.xml:78:27-75
category#android.intent.category.DEFAULT
ADDED from wzy/Grown123_1.2.0/AndroidManifest.xml:79:17-75
	android:name
		ADDED from wzy/Grown123_1.2.0/AndroidManifest.xml:79:27-73
data
ADDED from wzy/Grown123_1.2.0/AndroidManifest.xml:81:17-52
	android:scheme
		ADDED from wzy/Grown123_1.2.0/AndroidManifest.xml:81:23-50
activity#com.mob.tools.MobUIShell
ADDED from wzy/Grown123_1.2.0/AndroidManifest.xml:87:9-101:20
	android:screenOrientation
		ADDED from wzy/Grown123_1.2.0/AndroidManifest.xml:90:13-49
	android:windowSoftInputMode
		ADDED from wzy/Grown123_1.2.0/AndroidManifest.xml:92:13-67
	android:configChanges
		ADDED from wzy/Grown123_1.2.0/AndroidManifest.xml:89:13-74
	android:theme
		ADDED from wzy/Grown123_1.2.0/AndroidManifest.xml:91:13-72
	android:name
		ADDED from wzy/Grown123_1.2.0/AndroidManifest.xml:88:13-52
activity#wxapi.WXEntryActivity
ADDED from wzy/Grown123_1.2.0/AndroidManifest.xml:104:9-109:74
	android:screenOrientation
		ADDED from wzy/Grown123_1.2.0/AndroidManifest.xml:108:13-49
	android:exported
		ADDED from wzy/Grown123_1.2.0/AndroidManifest.xml:107:13-36
	android:configChanges
		ADDED from wzy/Grown123_1.2.0/AndroidManifest.xml:106:13-74
	android:theme
		ADDED from wzy/Grown123_1.2.0/AndroidManifest.xml:109:13-72
	android:name
		ADDED from wzy/Grown123_1.2.0/AndroidManifest.xml:105:13-49
activity#com.pndoo.grown123_new.AddBookActivity
ADDED from wzy/Grown123_1.2.0/AndroidManifest.xml:110:9-117:20
	android:screenOrientation
		ADDED from wzy/Grown123_1.2.0/AndroidManifest.xml:114:13-49
	android:label
		ADDED from wzy/Grown123_1.2.0/AndroidManifest.xml:112:13-45
	android:launchMode
		ADDED from wzy/Grown123_1.2.0/AndroidManifest.xml:113:13-43
	android:windowSoftInputMode
		ADDED from wzy/Grown123_1.2.0/AndroidManifest.xml:116:13-52
	android:theme
		ADDED from wzy/Grown123_1.2.0/AndroidManifest.xml:115:13-43
	android:name
		ADDED from wzy/Grown123_1.2.0/AndroidManifest.xml:111:13-44
activity#com.pndoo.grown123_new.DianPlayActivity
ADDED from wzy/Grown123_1.2.0/AndroidManifest.xml:118:9-125:20
	android:hardwareAccelerated
		ADDED from wzy/Grown123_1.2.0/AndroidManifest.xml:121:13-47
	android:launchMode
		ADDED from wzy/Grown123_1.2.0/AndroidManifest.xml:122:13-43
	android:windowSoftInputMode
		ADDED from wzy/Grown123_1.2.0/AndroidManifest.xml:124:13-52
	android:configChanges
		ADDED from wzy/Grown123_1.2.0/AndroidManifest.xml:120:13-74
	android:theme
		ADDED from wzy/Grown123_1.2.0/AndroidManifest.xml:123:13-43
	android:name
		ADDED from wzy/Grown123_1.2.0/AndroidManifest.xml:119:13-45
activity#io.vov.vitamio.activity.InitActivity
ADDED from wzy/Grown123_1.2.0/AndroidManifest.xml:126:9-131:62
	android:launchMode
		ADDED from wzy/Grown123_1.2.0/AndroidManifest.xml:129:13-43
	android:windowSoftInputMode
		ADDED from wzy/Grown123_1.2.0/AndroidManifest.xml:131:13-60
	android:configChanges
		ADDED from wzy/Grown123_1.2.0/AndroidManifest.xml:128:13-113
	android:theme
		ADDED from wzy/Grown123_1.2.0/AndroidManifest.xml:130:13-60
	android:name
		ADDED from wzy/Grown123_1.2.0/AndroidManifest.xml:127:13-64
activity#com.pndoo.grown123_new.BookActivity
ADDED from wzy/Grown123_1.2.0/AndroidManifest.xml:135:9-142:20
	android:screenOrientation
		ADDED from wzy/Grown123_1.2.0/AndroidManifest.xml:139:13-49
	android:label
		ADDED from wzy/Grown123_1.2.0/AndroidManifest.xml:137:13-45
	android:launchMode
		ADDED from wzy/Grown123_1.2.0/AndroidManifest.xml:138:13-43
	android:windowSoftInputMode
		ADDED from wzy/Grown123_1.2.0/AndroidManifest.xml:141:13-52
	android:theme
		ADDED from wzy/Grown123_1.2.0/AndroidManifest.xml:140:13-43
	android:name
		ADDED from wzy/Grown123_1.2.0/AndroidManifest.xml:136:13-41
activity#com.pndoo.grown123_new.SourceActivity
ADDED from wzy/Grown123_1.2.0/AndroidManifest.xml:143:9-150:20
	android:screenOrientation
		ADDED from wzy/Grown123_1.2.0/AndroidManifest.xml:147:13-49
	android:label
		ADDED from wzy/Grown123_1.2.0/AndroidManifest.xml:145:13-45
	android:launchMode
		ADDED from wzy/Grown123_1.2.0/AndroidManifest.xml:146:13-43
	android:windowSoftInputMode
		ADDED from wzy/Grown123_1.2.0/AndroidManifest.xml:149:13-52
	android:theme
		ADDED from wzy/Grown123_1.2.0/AndroidManifest.xml:148:13-43
	android:name
		ADDED from wzy/Grown123_1.2.0/AndroidManifest.xml:144:13-43
activity#com.pndoo.grown123_new.YuGaoActivity
ADDED from wzy/Grown123_1.2.0/AndroidManifest.xml:151:9-157:20
	android:screenOrientation
		ADDED from wzy/Grown123_1.2.0/AndroidManifest.xml:155:13-49
	android:label
		ADDED from wzy/Grown123_1.2.0/AndroidManifest.xml:153:13-45
	android:launchMode
		ADDED from wzy/Grown123_1.2.0/AndroidManifest.xml:154:13-43
	android:theme
		ADDED from wzy/Grown123_1.2.0/AndroidManifest.xml:156:13-43
	android:name
		ADDED from wzy/Grown123_1.2.0/AndroidManifest.xml:152:13-42
activity#com.pndoo.grown123_new.PayTotalActivity
ADDED from wzy/Grown123_1.2.0/AndroidManifest.xml:160:9-164:20
	android:screenOrientation
		ADDED from wzy/Grown123_1.2.0/AndroidManifest.xml:163:13-49
	android:launchMode
		ADDED from wzy/Grown123_1.2.0/AndroidManifest.xml:162:13-43
	android:name
		ADDED from wzy/Grown123_1.2.0/AndroidManifest.xml:161:13-45
activity#com.pndoo.grown123_new.DingyueActivity
ADDED from wzy/Grown123_1.2.0/AndroidManifest.xml:165:9-170:20
	android:screenOrientation
		ADDED from wzy/Grown123_1.2.0/AndroidManifest.xml:168:13-49
	android:launchMode
		ADDED from wzy/Grown123_1.2.0/AndroidManifest.xml:167:13-43
	android:theme
		ADDED from wzy/Grown123_1.2.0/AndroidManifest.xml:169:13-43
	android:name
		ADDED from wzy/Grown123_1.2.0/AndroidManifest.xml:166:13-44
activity#com.pndoo.grown123_new.ZhiboActivity
ADDED from wzy/Grown123_1.2.0/AndroidManifest.xml:173:9-177:20
	android:screenOrientation
		ADDED from wzy/Grown123_1.2.0/AndroidManifest.xml:176:13-49
	android:launchMode
		ADDED from wzy/Grown123_1.2.0/AndroidManifest.xml:175:13-43
	android:name
		ADDED from wzy/Grown123_1.2.0/AndroidManifest.xml:174:13-42
activity#com.pndoo.grown123_new.PlayActivity
ADDED from wzy/Grown123_1.2.0/AndroidManifest.xml:180:9-186:20
	android:hardwareAccelerated
		ADDED from wzy/Grown123_1.2.0/AndroidManifest.xml:183:13-47
	android:launchMode
		ADDED from wzy/Grown123_1.2.0/AndroidManifest.xml:184:13-43
	android:windowSoftInputMode
		ADDED from wzy/Grown123_1.2.0/AndroidManifest.xml:185:13-52
	android:configChanges
		ADDED from wzy/Grown123_1.2.0/AndroidManifest.xml:182:13-74
	android:name
		ADDED from wzy/Grown123_1.2.0/AndroidManifest.xml:181:13-41
activity#com.pndoo.grown123_new.PaySubmitActivity
ADDED from wzy/Grown123_1.2.0/AndroidManifest.xml:189:9-196:20
	android:screenOrientation
		ADDED from wzy/Grown123_1.2.0/AndroidManifest.xml:193:13-49
	android:label
		ADDED from wzy/Grown123_1.2.0/AndroidManifest.xml:191:13-45
	android:launchMode
		ADDED from wzy/Grown123_1.2.0/AndroidManifest.xml:192:13-43
	android:windowSoftInputMode
		ADDED from wzy/Grown123_1.2.0/AndroidManifest.xml:195:13-52
	android:theme
		ADDED from wzy/Grown123_1.2.0/AndroidManifest.xml:194:13-43
	android:name
		ADDED from wzy/Grown123_1.2.0/AndroidManifest.xml:190:13-46
activity#com.pndoo.grown123_new.PayChooseActivity
ADDED from wzy/Grown123_1.2.0/AndroidManifest.xml:199:9-206:20
	android:screenOrientation
		ADDED from wzy/Grown123_1.2.0/AndroidManifest.xml:203:13-49
	android:label
		ADDED from wzy/Grown123_1.2.0/AndroidManifest.xml:201:13-45
	android:launchMode
		ADDED from wzy/Grown123_1.2.0/AndroidManifest.xml:202:13-43
	android:windowSoftInputMode
		ADDED from wzy/Grown123_1.2.0/AndroidManifest.xml:205:13-52
	android:theme
		ADDED from wzy/Grown123_1.2.0/AndroidManifest.xml:204:13-43
	android:name
		ADDED from wzy/Grown123_1.2.0/AndroidManifest.xml:200:13-46
activity#com.pndoo.grown123_new.JDWebViewActivity
ADDED from wzy/Grown123_1.2.0/AndroidManifest.xml:209:9-215:20
	android:screenOrientation
		ADDED from wzy/Grown123_1.2.0/AndroidManifest.xml:213:13-49
	android:label
		ADDED from wzy/Grown123_1.2.0/AndroidManifest.xml:211:13-45
	android:launchMode
		ADDED from wzy/Grown123_1.2.0/AndroidManifest.xml:212:13-43
	android:theme
		ADDED from wzy/Grown123_1.2.0/AndroidManifest.xml:214:13-43
	android:name
		ADDED from wzy/Grown123_1.2.0/AndroidManifest.xml:210:13-46
activity#com.pndoo.grown123_new.GoodsListActivity
ADDED from wzy/Grown123_1.2.0/AndroidManifest.xml:216:9-221:20
	android:screenOrientation
		ADDED from wzy/Grown123_1.2.0/AndroidManifest.xml:219:13-49
	android:label
		ADDED from wzy/Grown123_1.2.0/AndroidManifest.xml:218:13-45
	android:theme
		ADDED from wzy/Grown123_1.2.0/AndroidManifest.xml:220:13-43
	android:name
		ADDED from wzy/Grown123_1.2.0/AndroidManifest.xml:217:13-46
activity#com.pndoo.grown123_new.VipActivity
ADDED from wzy/Grown123_1.2.0/AndroidManifest.xml:222:9-226:20
	android:screenOrientation
		ADDED from wzy/Grown123_1.2.0/AndroidManifest.xml:224:13-49
	android:theme
		ADDED from wzy/Grown123_1.2.0/AndroidManifest.xml:225:13-43
	android:name
		ADDED from wzy/Grown123_1.2.0/AndroidManifest.xml:223:13-40
activity#com.pndoo.grown123_new.UpdateSurnameActivity
ADDED from wzy/Grown123_1.2.0/AndroidManifest.xml:227:9-232:20
	android:screenOrientation
		ADDED from wzy/Grown123_1.2.0/AndroidManifest.xml:230:13-49
	android:label
		ADDED from wzy/Grown123_1.2.0/AndroidManifest.xml:229:13-45
	android:theme
		ADDED from wzy/Grown123_1.2.0/AndroidManifest.xml:231:13-43
	android:name
		ADDED from wzy/Grown123_1.2.0/AndroidManifest.xml:228:13-50
activity#com.pndoo.grown123_new.BabyInfoActivity
ADDED from wzy/Grown123_1.2.0/AndroidManifest.xml:233:9-239:20
	android:screenOrientation
		ADDED from wzy/Grown123_1.2.0/AndroidManifest.xml:236:13-49
	android:label
		ADDED from wzy/Grown123_1.2.0/AndroidManifest.xml:235:13-45
	android:windowSoftInputMode
		ADDED from wzy/Grown123_1.2.0/AndroidManifest.xml:238:13-64
	android:theme
		ADDED from wzy/Grown123_1.2.0/AndroidManifest.xml:237:13-43
	android:name
		ADDED from wzy/Grown123_1.2.0/AndroidManifest.xml:234:13-45
activity#com.alipay.sdk.app.H5PayActivity
ADDED from wzy/Grown123_1.2.0/AndroidManifest.xml:242:9-247:20
	android:screenOrientation
		ADDED from wzy/Grown123_1.2.0/AndroidManifest.xml:246:13-47
	android:exported
		ADDED from wzy/Grown123_1.2.0/AndroidManifest.xml:245:13-37
	android:configChanges
		ADDED from wzy/Grown123_1.2.0/AndroidManifest.xml:244:13-74
	android:name
		ADDED from wzy/Grown123_1.2.0/AndroidManifest.xml:243:13-60
activity#com.alipay.sdk.auth.AuthActivity
ADDED from wzy/Grown123_1.2.0/AndroidManifest.xml:248:9-253:20
	android:screenOrientation
		ADDED from wzy/Grown123_1.2.0/AndroidManifest.xml:252:13-47
	android:exported
		ADDED from wzy/Grown123_1.2.0/AndroidManifest.xml:251:13-37
	android:configChanges
		ADDED from wzy/Grown123_1.2.0/AndroidManifest.xml:250:13-74
	android:name
		ADDED from wzy/Grown123_1.2.0/AndroidManifest.xml:249:13-60
activity#com.pndoo.grown123_new.BookAttachActivity
ADDED from wzy/Grown123_1.2.0/AndroidManifest.xml:259:9-266:20
	android:screenOrientation
		ADDED from wzy/Grown123_1.2.0/AndroidManifest.xml:263:13-49
	android:label
		ADDED from wzy/Grown123_1.2.0/AndroidManifest.xml:261:13-45
	android:launchMode
		ADDED from wzy/Grown123_1.2.0/AndroidManifest.xml:262:13-43
	android:windowSoftInputMode
		ADDED from wzy/Grown123_1.2.0/AndroidManifest.xml:265:13-52
	android:theme
		ADDED from wzy/Grown123_1.2.0/AndroidManifest.xml:264:13-43
	android:name
		ADDED from wzy/Grown123_1.2.0/AndroidManifest.xml:260:13-47
activity#com.pndoo.grown123_new.BookDescriptionActivity
ADDED from wzy/Grown123_1.2.0/AndroidManifest.xml:269:9-276:20
	android:screenOrientation
		ADDED from wzy/Grown123_1.2.0/AndroidManifest.xml:273:13-49
	android:label
		ADDED from wzy/Grown123_1.2.0/AndroidManifest.xml:271:13-45
	android:launchMode
		ADDED from wzy/Grown123_1.2.0/AndroidManifest.xml:272:13-43
	android:windowSoftInputMode
		ADDED from wzy/Grown123_1.2.0/AndroidManifest.xml:275:13-52
	android:theme
		ADDED from wzy/Grown123_1.2.0/AndroidManifest.xml:274:13-43
	android:name
		ADDED from wzy/Grown123_1.2.0/AndroidManifest.xml:270:13-52
activity#com.pndoo.grown123_new.AuthorCommunicationActivity
ADDED from wzy/Grown123_1.2.0/AndroidManifest.xml:277:9-283:20
	android:screenOrientation
		ADDED from wzy/Grown123_1.2.0/AndroidManifest.xml:281:13-49
	android:label
		ADDED from wzy/Grown123_1.2.0/AndroidManifest.xml:279:13-45
	android:launchMode
		ADDED from wzy/Grown123_1.2.0/AndroidManifest.xml:280:13-43
	android:theme
		ADDED from wzy/Grown123_1.2.0/AndroidManifest.xml:282:13-43
	android:name
		ADDED from wzy/Grown123_1.2.0/AndroidManifest.xml:278:13-56
activity#com.pndoo.grown123_new.ReaderCommunicationActivity
ADDED from wzy/Grown123_1.2.0/AndroidManifest.xml:284:9-290:20
	android:screenOrientation
		ADDED from wzy/Grown123_1.2.0/AndroidManifest.xml:288:13-49
	android:label
		ADDED from wzy/Grown123_1.2.0/AndroidManifest.xml:286:13-45
	android:launchMode
		ADDED from wzy/Grown123_1.2.0/AndroidManifest.xml:287:13-43
	android:theme
		ADDED from wzy/Grown123_1.2.0/AndroidManifest.xml:289:13-43
	android:name
		ADDED from wzy/Grown123_1.2.0/AndroidManifest.xml:285:13-56
activity#com.pndoo.grown123_new.ReaderDescriptionItemActivity
ADDED from wzy/Grown123_1.2.0/AndroidManifest.xml:291:9-297:20
	android:screenOrientation
		ADDED from wzy/Grown123_1.2.0/AndroidManifest.xml:295:13-49
	android:label
		ADDED from wzy/Grown123_1.2.0/AndroidManifest.xml:293:13-45
	android:launchMode
		ADDED from wzy/Grown123_1.2.0/AndroidManifest.xml:294:13-43
	android:theme
		ADDED from wzy/Grown123_1.2.0/AndroidManifest.xml:296:13-43
	android:name
		ADDED from wzy/Grown123_1.2.0/AndroidManifest.xml:292:13-58
activity#com.pndoo.grown123_new.AuthorDescriptionItemActivity
ADDED from wzy/Grown123_1.2.0/AndroidManifest.xml:298:9-304:20
	android:screenOrientation
		ADDED from wzy/Grown123_1.2.0/AndroidManifest.xml:302:13-49
	android:label
		ADDED from wzy/Grown123_1.2.0/AndroidManifest.xml:300:13-45
	android:launchMode
		ADDED from wzy/Grown123_1.2.0/AndroidManifest.xml:301:13-43
	android:theme
		ADDED from wzy/Grown123_1.2.0/AndroidManifest.xml:303:13-43
	android:name
		ADDED from wzy/Grown123_1.2.0/AndroidManifest.xml:299:13-58
activity#com.pndoo.grown123_new.AuthorCommentInfoActivity
ADDED from wzy/Grown123_1.2.0/AndroidManifest.xml:305:9-311:20
	android:screenOrientation
		ADDED from wzy/Grown123_1.2.0/AndroidManifest.xml:309:13-49
	android:label
		ADDED from wzy/Grown123_1.2.0/AndroidManifest.xml:307:13-45
	android:launchMode
		ADDED from wzy/Grown123_1.2.0/AndroidManifest.xml:308:13-43
	android:theme
		ADDED from wzy/Grown123_1.2.0/AndroidManifest.xml:310:13-43
	android:name
		ADDED from wzy/Grown123_1.2.0/AndroidManifest.xml:306:13-54
activity#com.pndoo.grown123_new.ReaderSendActivity
ADDED from wzy/Grown123_1.2.0/AndroidManifest.xml:312:9-318:20
	android:screenOrientation
		ADDED from wzy/Grown123_1.2.0/AndroidManifest.xml:316:13-49
	android:label
		ADDED from wzy/Grown123_1.2.0/AndroidManifest.xml:314:13-45
	android:launchMode
		ADDED from wzy/Grown123_1.2.0/AndroidManifest.xml:315:13-43
	android:theme
		ADDED from wzy/Grown123_1.2.0/AndroidManifest.xml:317:13-43
	android:name
		ADDED from wzy/Grown123_1.2.0/AndroidManifest.xml:313:13-47
activity#com.pndoo.grown123_new.AuthorSendActivity
ADDED from wzy/Grown123_1.2.0/AndroidManifest.xml:319:9-325:20
	android:screenOrientation
		ADDED from wzy/Grown123_1.2.0/AndroidManifest.xml:323:13-49
	android:label
		ADDED from wzy/Grown123_1.2.0/AndroidManifest.xml:321:13-45
	android:launchMode
		ADDED from wzy/Grown123_1.2.0/AndroidManifest.xml:322:13-43
	android:theme
		ADDED from wzy/Grown123_1.2.0/AndroidManifest.xml:324:13-43
	android:name
		ADDED from wzy/Grown123_1.2.0/AndroidManifest.xml:320:13-47
activity#com.pndoo.grown123_new.AuthorReplyActivity
ADDED from wzy/Grown123_1.2.0/AndroidManifest.xml:326:9-332:20
	android:screenOrientation
		ADDED from wzy/Grown123_1.2.0/AndroidManifest.xml:330:13-49
	android:label
		ADDED from wzy/Grown123_1.2.0/AndroidManifest.xml:328:13-45
	android:launchMode
		ADDED from wzy/Grown123_1.2.0/AndroidManifest.xml:329:13-43
	android:theme
		ADDED from wzy/Grown123_1.2.0/AndroidManifest.xml:331:13-43
	android:name
		ADDED from wzy/Grown123_1.2.0/AndroidManifest.xml:327:13-48
activity#com.pndoo.grown123_new.ReaderJoinActivity
ADDED from wzy/Grown123_1.2.0/AndroidManifest.xml:333:9-339:20
	android:screenOrientation
		ADDED from wzy/Grown123_1.2.0/AndroidManifest.xml:337:13-49
	android:label
		ADDED from wzy/Grown123_1.2.0/AndroidManifest.xml:335:13-45
	android:launchMode
		ADDED from wzy/Grown123_1.2.0/AndroidManifest.xml:336:13-43
	android:theme
		ADDED from wzy/Grown123_1.2.0/AndroidManifest.xml:338:13-43
	android:name
		ADDED from wzy/Grown123_1.2.0/AndroidManifest.xml:334:13-47
activity#com.pndoo.grown123_new.BookDetailActivity
ADDED from wzy/Grown123_1.2.0/AndroidManifest.xml:342:9-349:20
	android:screenOrientation
		ADDED from wzy/Grown123_1.2.0/AndroidManifest.xml:346:13-49
	android:label
		ADDED from wzy/Grown123_1.2.0/AndroidManifest.xml:344:13-45
	android:launchMode
		ADDED from wzy/Grown123_1.2.0/AndroidManifest.xml:345:13-43
	android:windowSoftInputMode
		ADDED from wzy/Grown123_1.2.0/AndroidManifest.xml:348:13-52
	android:theme
		ADDED from wzy/Grown123_1.2.0/AndroidManifest.xml:347:13-43
	android:name
		ADDED from wzy/Grown123_1.2.0/AndroidManifest.xml:343:13-47
activity#com.pndoo.grown123_new.BookMapActivity
ADDED from wzy/Grown123_1.2.0/AndroidManifest.xml:352:9-359:20
	android:screenOrientation
		ADDED from wzy/Grown123_1.2.0/AndroidManifest.xml:356:13-49
	android:label
		ADDED from wzy/Grown123_1.2.0/AndroidManifest.xml:354:13-45
	android:launchMode
		ADDED from wzy/Grown123_1.2.0/AndroidManifest.xml:355:13-43
	android:windowSoftInputMode
		ADDED from wzy/Grown123_1.2.0/AndroidManifest.xml:358:13-52
	android:theme
		ADDED from wzy/Grown123_1.2.0/AndroidManifest.xml:357:13-43
	android:name
		ADDED from wzy/Grown123_1.2.0/AndroidManifest.xml:353:13-44
activity#com.pndoo.grown123_new.BookMatchActivity
ADDED from wzy/Grown123_1.2.0/AndroidManifest.xml:362:9-370:20
	android:screenOrientation
		ADDED from wzy/Grown123_1.2.0/AndroidManifest.xml:367:13-49
	android:label
		ADDED from wzy/Grown123_1.2.0/AndroidManifest.xml:365:13-45
	android:launchMode
		ADDED from wzy/Grown123_1.2.0/AndroidManifest.xml:366:13-43
	android:windowSoftInputMode
		ADDED from wzy/Grown123_1.2.0/AndroidManifest.xml:369:13-60
	android:configChanges
		ADDED from wzy/Grown123_1.2.0/AndroidManifest.xml:364:13-63
	android:theme
		ADDED from wzy/Grown123_1.2.0/AndroidManifest.xml:368:13-43
	android:name
		ADDED from wzy/Grown123_1.2.0/AndroidManifest.xml:363:13-46
activity#com.pndoo.grown123_new.BookReadActivity
ADDED from wzy/Grown123_1.2.0/AndroidManifest.xml:373:9-380:20
	android:screenOrientation
		ADDED from wzy/Grown123_1.2.0/AndroidManifest.xml:377:13-49
	android:label
		ADDED from wzy/Grown123_1.2.0/AndroidManifest.xml:375:13-45
	android:launchMode
		ADDED from wzy/Grown123_1.2.0/AndroidManifest.xml:376:13-43
	android:windowSoftInputMode
		ADDED from wzy/Grown123_1.2.0/AndroidManifest.xml:379:13-52
	android:theme
		ADDED from wzy/Grown123_1.2.0/AndroidManifest.xml:378:13-43
	android:name
		ADDED from wzy/Grown123_1.2.0/AndroidManifest.xml:374:13-45
activity#com.pndoo.grown123_new.BookSynActivity
ADDED from wzy/Grown123_1.2.0/AndroidManifest.xml:383:9-390:20
	android:screenOrientation
		ADDED from wzy/Grown123_1.2.0/AndroidManifest.xml:387:13-49
	android:label
		ADDED from wzy/Grown123_1.2.0/AndroidManifest.xml:385:13-45
	android:launchMode
		ADDED from wzy/Grown123_1.2.0/AndroidManifest.xml:386:13-43
	android:windowSoftInputMode
		ADDED from wzy/Grown123_1.2.0/AndroidManifest.xml:389:13-52
	android:theme
		ADDED from wzy/Grown123_1.2.0/AndroidManifest.xml:388:13-43
	android:name
		ADDED from wzy/Grown123_1.2.0/AndroidManifest.xml:384:13-44
activity#com.pndoo.grown123_new.DataBaseActivity
ADDED from wzy/Grown123_1.2.0/AndroidManifest.xml:393:9-400:20
	android:screenOrientation
		ADDED from wzy/Grown123_1.2.0/AndroidManifest.xml:397:13-49
	android:label
		ADDED from wzy/Grown123_1.2.0/AndroidManifest.xml:395:13-45
	android:launchMode
		ADDED from wzy/Grown123_1.2.0/AndroidManifest.xml:396:13-43
	android:windowSoftInputMode
		ADDED from wzy/Grown123_1.2.0/AndroidManifest.xml:399:13-52
	android:theme
		ADDED from wzy/Grown123_1.2.0/AndroidManifest.xml:398:13-43
	android:name
		ADDED from wzy/Grown123_1.2.0/AndroidManifest.xml:394:13-45
activity#com.pndoo.grown123_new.DigitalCommunityActivity
ADDED from wzy/Grown123_1.2.0/AndroidManifest.xml:403:9-410:20
	android:screenOrientation
		ADDED from wzy/Grown123_1.2.0/AndroidManifest.xml:407:13-49
	android:label
		ADDED from wzy/Grown123_1.2.0/AndroidManifest.xml:405:13-45
	android:launchMode
		ADDED from wzy/Grown123_1.2.0/AndroidManifest.xml:406:13-43
	android:windowSoftInputMode
		ADDED from wzy/Grown123_1.2.0/AndroidManifest.xml:409:13-52
	android:theme
		ADDED from wzy/Grown123_1.2.0/AndroidManifest.xml:408:13-43
	android:name
		ADDED from wzy/Grown123_1.2.0/AndroidManifest.xml:404:13-53
activity#com.pndoo.grown123_new.FeedbackActivity
ADDED from wzy/Grown123_1.2.0/AndroidManifest.xml:413:9-420:20
	android:screenOrientation
		ADDED from wzy/Grown123_1.2.0/AndroidManifest.xml:417:13-49
	android:label
		ADDED from wzy/Grown123_1.2.0/AndroidManifest.xml:415:13-45
	android:launchMode
		ADDED from wzy/Grown123_1.2.0/AndroidManifest.xml:416:13-43
	android:windowSoftInputMode
		ADDED from wzy/Grown123_1.2.0/AndroidManifest.xml:419:13-52
	android:theme
		ADDED from wzy/Grown123_1.2.0/AndroidManifest.xml:418:13-43
	android:name
		ADDED from wzy/Grown123_1.2.0/AndroidManifest.xml:414:13-45
activity#com.pndoo.grown123_new.GuideActivity
ADDED from wzy/Grown123_1.2.0/AndroidManifest.xml:423:9-428:20
	android:label
		ADDED from wzy/Grown123_1.2.0/AndroidManifest.xml:425:13-56
	android:windowSoftInputMode